<?xml version="1.0" encoding="UTF-8"?>
<testng-results ignored="0" total="1" passed="1" failed="0" skipped="0">
  <reporter-output>
  </reporter-output>
  <suite started-at="2022-07-25T15:04:32 MYT" name="inetBankingV2" finished-at="2022-07-25T15:04:55 MYT" duration-ms="22691">
    <groups>
    </groups>
    <test started-at="2022-07-25T15:04:32 MYT" name="BankingApp Test" finished-at="2022-07-25T15:04:55 MYT" duration-ms="22691">
      <class name="testCases.TC_AddCustomer_003">
        <test-method is-config="true" signature="setup(java.lang.String)[pri:0, instance:testCases.TC_AddCustomer_003@71c3b41]" started-at="2022-07-25T15:04:32 MYT" name="setup" finished-at="2022-07-25T15:04:38 MYT" duration-ms="5572" status="PASS">
          <params>
            <param index="0">
              <value>
                <![CDATA[chrome]]>
              </value>
            </param>
          </params>
          <reporter-output>
          </reporter-output>
        </test-method> <!-- setup -->
        <test-method signature="addNewCustomer()[pri:0, instance:testCases.TC_AddCustomer_003@71c3b41]" started-at="2022-07-25T15:04:38 MYT" name="addNewCustomer" finished-at="2022-07-25T15:04:55 MYT" duration-ms="16841" status="PASS">
          <reporter-output>
          </reporter-output>
        </test-method> <!-- addNewCustomer -->
        <test-method is-config="true" signature="tearDown()[pri:0, instance:testCases.TC_AddCustomer_003@71c3b41]" started-at="2022-07-25T15:04:55 MYT" name="tearDown" finished-at="2022-07-25T15:04:55 MYT" duration-ms="101" status="PASS">
          <reporter-output>
          </reporter-output>
        </test-method> <!-- tearDown -->
      </class> <!-- testCases.TC_AddCustomer_003 -->
    </test> <!-- BankingApp Test -->
  </suite> <!-- inetBankingV2 -->
</testng-results>
